<?xml version="1.0" encoding="UTF-8"?>
<testng-results ignored="0" total="1" passed="1" failed="0" skipped="0">
  <reporter-output>
  </reporter-output>
  <suite started-at="2022-12-17T07:39:27 PST" name="Default suite" finished-at="2022-12-17T07:39:33 PST" duration-ms="5602">
    <groups>
    </groups>
    <test started-at="2022-12-17T07:39:27 PST" name="Default test" finished-at="2022-12-17T07:39:33 PST" duration-ms="5602">
      <class name="maven_project.mav_proj.testing">
        <test-method signature="trail()[pri:0, instance:maven_project.mav_proj.testing@6580cfdd]" started-at="2022-12-17T07:39:27 PST" name="trail" finished-at="2022-12-17T07:39:33 PST" duration-ms="5516" status="PASS">
          <reporter-output>
          </reporter-output>
        </test-method> <!-- trail -->
      </class> <!-- maven_project.mav_proj.testing -->
    </test> <!-- Default test -->
  </suite> <!-- Default suite -->
</testng-results>
